2026-06-13T09:40:18Z INF Thank you for trying Cloudflare Tunnel. Doing so, without a Cloudflare account, is a quick way to experiment and try it out. However, be aware that these account-less Tunnels have no uptime guarantee, are subject to the Cloudflare Online Services Terms of Use (https://www.cloudflare.com/website-terms/), and Cloudflare reserves the right to investigate your use of Tunnels for violations of such terms. If you intend to use Tunnels in production you should use a pre-created named tunnel by following: https://developers.cloudflare.com/cloudflare-one/connections/connect-apps
2026-06-13T09:40:18Z INF Requesting new quick Tunnel on trycloudflare.com...
2026-06-13T09:40:24Z INF +--------------------------------------------------------------------------------------------+
2026-06-13T09:40:24Z INF |  Your quick Tunnel has been created! Visit it at (it may take some time to be reachable):  |
2026-06-13T09:40:24Z INF |  https://tuesday-eds-contributor-eyes.trycloudflare.com                                    |
2026-06-13T09:40:24Z INF +--------------------------------------------------------------------------------------------+
2026-06-13T09:40:24Z INF Cannot determine default configuration path. No file [config.yml config.yaml] in [~/.cloudflared ~/.cloudflare-warp ~/cloudflare-warp]
2026-06-13T09:40:24Z INF Version 2026.6.0 (Checksum 03e322598e84d77406fa55b93f59e8e54636c5d8501d9dce36697fcf080ed8cc)
2026-06-13T09:40:24Z INF GOOS: windows, GOVersion: go1.26.4, GoArch: amd64
2026-06-13T09:40:24Z INF Settings: map[ha-connections:1 protocol:quic url:http://127.0.0.1:5001]
2026-06-13T09:40:24Z INF cloudflared will not automatically update on Windows systems.
2026-06-13T09:40:24Z INF Generated Connector ID: 3e2f7939-5aac-4dea-9c05-dd5f68591762
2026-06-13T09:40:24Z INF Initial protocol quic
2026-06-13T09:40:24Z INF ICMP proxy will use 10.179.86.224 as source for IPv4
2026-06-13T09:40:24Z INF ICMP proxy will use 2401:4900:60e1:4a44:92a1:6804:743f:ea6e in zone Wi-Fi as source for IPv6
2026-06-13T09:40:24Z INF cloudflared does not support loading the system root certificate pool on Windows. Please use --origin-ca-pool <PATH> to specify the path to the certificate pool
2026-06-13T09:40:24Z INF ICMP proxy will use 10.179.86.224 as source for IPv4
2026-06-13T09:40:24Z INF Tunnel connection curve preferences: [X25519MLKEM768 CurveID(65074) CurveP256] connIndex=0 event=0 ip=2606:4700:a8::5
2026-06-13T09:40:24Z INF ICMP proxy will use 2401:4900:60e1:4a44:92a1:6804:743f:ea6e in zone Wi-Fi as source for IPv6
2026-06-13T09:40:24Z INF Starting metrics server on 127.0.0.1:20241/metrics
2026-06-13T09:40:24Z INF +-------------------------------------------------------------------------------------+
2026-06-13T09:40:24Z INF |                               CONNECTIVITY PRE-CHECKS                               |
2026-06-13T09:40:24Z INF +-------------------------------------------------------------------------------------+
2026-06-13T09:40:24Z INF |  COMPONENT         TARGET                     STATUS  DETAILS                       |
2026-06-13T09:40:24Z INF |  DNS Resolution    region1.v2.argotunnel.com  PASS    DNS Resolved successfully     |
2026-06-13T09:40:24Z INF |  DNS Resolution    region2.v2.argotunnel.com  PASS    DNS Resolved successfully     |
2026-06-13T09:40:24Z INF |  UDP Connectivity  region1.v2.argotunnel.com  PASS    QUIC connection successful    |
2026-06-13T09:40:24Z INF |  UDP Connectivity  region2.v2.argotunnel.com  PASS    QUIC connection successful    |
2026-06-13T09:40:24Z INF |  TCP Connectivity  region1.v2.argotunnel.com  PASS    HTTP/2 connection successful  |
2026-06-13T09:40:24Z INF |  TCP Connectivity  region2.v2.argotunnel.com  PASS    HTTP/2 connection successful  |
2026-06-13T09:40:24Z INF |  Cloudflare API    api.cloudflare.com:443     PASS    API is reachable              |
2026-06-13T09:40:24Z INF |                                                                                     |
2026-06-13T09:40:24Z INF |  SUMMARY: Environment is healthy. cloudflared will use 'quic' as primary protocol.  |
2026-06-13T09:40:24Z INF +-------------------------------------------------------------------------------------+
2026-06-13T09:40:24Z INF precheck component="DNS Resolution" details="DNS Resolved successfully" run_id=2d95749b-e8f2-42f0-88cd-4317f6c52cf1 status=pass target=region1.v2.argotunnel.com
2026-06-13T09:40:24Z INF precheck component="DNS Resolution" details="DNS Resolved successfully" run_id=2d95749b-e8f2-42f0-88cd-4317f6c52cf1 status=pass target=region2.v2.argotunnel.com
2026-06-13T09:40:24Z INF precheck component="UDP Connectivity" details="QUIC connection successful" run_id=2d95749b-e8f2-42f0-88cd-4317f6c52cf1 status=pass target=region1.v2.argotunnel.com
2026-06-13T09:40:24Z INF precheck component="UDP Connectivity" details="QUIC connection successful" run_id=2d95749b-e8f2-42f0-88cd-4317f6c52cf1 status=pass target=region2.v2.argotunnel.com
2026-06-13T09:40:24Z INF precheck component="TCP Connectivity" details="HTTP/2 connection successful" run_id=2d95749b-e8f2-42f0-88cd-4317f6c52cf1 status=pass target=region1.v2.argotunnel.com
2026-06-13T09:40:24Z INF precheck component="TCP Connectivity" details="HTTP/2 connection successful" run_id=2d95749b-e8f2-42f0-88cd-4317f6c52cf1 status=pass target=region2.v2.argotunnel.com
2026-06-13T09:40:24Z INF precheck component="Cloudflare API" details="API is reachable" run_id=2d95749b-e8f2-42f0-88cd-4317f6c52cf1 status=pass target=api.cloudflare.com:443
2026-06-13T09:40:24Z INF precheck complete hard_fail=false run_id=2d95749b-e8f2-42f0-88cd-4317f6c52cf1 suggested_protocol=quic
2026-06-13T09:40:25Z INF Registered tunnel connection connIndex=0 connection=237701a1-2dbd-414a-980f-870a28a9db23 event=0 ip=2606:4700:a8::5 location=bom10 protocol=quic
